# Logfile created on Wed Sep 08 10:49:12 -0300 2021  [4;36;1mSQL (0.2ms)[0m   [0;1mSET NAMES 'utf8'[0m
  [4;35;1mSQL (0.1ms)[0m   [0mSET SQL_AUTO_IS_NULL=0[0m


Processing HomeController#index (for 127.0.0.1 at 2021-09-08 10:49:16) [GET]
Redirected to http://localhost:3000/session/new
Filter chain halted as [:login_required] rendered_or_redirected.
Completed in 85ms (DB: 0) | 302 Found [http://localhost/]
  [4;36;1mSQL (0.8ms)[0m   [0;1mSET NAMES 'utf8'[0m
  [4;35;1mSQL (0.1ms)[0m   [0mSET SQL_AUTO_IS_NULL=0[0m


Processing SessionsController#new (for 127.0.0.1 at 2021-09-08 10:49:17) [GET]
  [4;36;1mCurso Load (0.3ms)[0m   [0;1mSELECT * FROM `cursos` WHERE (status = 0) [0m
Rendering template within layouts/login
Rendering sessions/new
  [4;35;1mCurso Columns (1.0ms)[0m   [0mSHOW FIELDS FROM `cursos`[0m
Completed in 232ms (View: 200, DB: 2) | 200 OK [http://localhost/session/new]
  [4;36;1mSQL (0.2ms)[0m   [0;1mSET NAMES 'utf8'[0m
  [4;35;1mSQL (0.1ms)[0m   [0mSET SQL_AUTO_IS_NULL=0[0m


Processing InscricaosController#new (for 127.0.0.1 at 2021-09-08 10:49:19) [GET]
  [4;36;1mCurso Load (0.2ms)[0m   [0;1mSELECT * FROM `cursos` WHERE (status = 0 AND vagas_disponiveis > 0) [0m
  [4;35;1mParticipante Load (0.8ms)[0m   [0mSELECT * FROM `participantes` WHERE (desligado = 0 and funcao is not null) ORDER BY nome ASC[0m
  [4;36;1mParticipante Load (15.5ms)[0m   [0;1mSELECT * FROM `participantes` WHERE (desligado = 0 ) ORDER BY nome ASC[0m
  [4;35;1mCurso Load (0.2ms)[0m   [0mSELECT * FROM `cursos` WHERE (status = 0) ORDER BY nome ASC[0m
  [4;36;1mInscricao Load (0.7ms)[0m   [0;1mSELECT * FROM `inscricaos` [0m
  [4;35;1mSQL (0.1ms)[0m   [0mSET NAMES 'utf8'[0m
  [4;36;1mSQL (0.0ms)[0m   [0;1mSET SQL_AUTO_IS_NULL=0[0m
  [4;35;1mUnidade Load (0.3ms)[0m   [0mSELECT * FROM `unidades` ORDER BY nome ASC[0m
  [4;36;1mInscricao Columns (0.9ms)[0m   [0;1mSHOW FIELDS FROM `inscricaos`[0m
  [4;35;1mInscricao Load (0.2ms)[0m   [0mSELECT * FROM `inscricaos` WHERE (`inscricaos`.`participante_id` IS NULL) LIMIT 1[0m
Rendering template within layouts/inscricao
Rendering inscricaos/new
  [4;36;1mCurso Load (0.2ms)[0m   [0;1mSELECT * FROM `cursos` WHERE (status = 0 ) [0m
  [4;35;1mCACHE (0.0ms)[0m   [0mSELECT * FROM `cursos` WHERE (status = 0 AND vagas_disponiveis > 0) [0m
  [4;36;1mParticipante Columns (1.2ms)[0m   [0;1mSHOW FIELDS FROM `participantes`[0m
  [4;35;1mCurso Columns (1.2ms)[0m   [0mSHOW FIELDS FROM `cursos`[0m
  [4;36;1mInformativo Load (1.2ms)[0m   [0;1mSELECT * FROM `informativos` WHERE (starts_at <= '2021-09-08 13:49:20' AND ends_at >= '2021-09-08 13:49:20') [0m
Completed in 499ms (View: 221, DB: 23) | 200 OK [http://localhost/inscricaos/new]
  [4;35;1mSQL (0.4ms)[0m   [0mSET NAMES 'utf8'[0m
  [4;36;1mSQL (0.2ms)[0m   [0;1mSET SQL_AUTO_IS_NULL=0[0m


Processing ApplicationController#index (for 127.0.0.1 at 2021-09-08 10:49:21) [GET]

ActionController::RoutingError (No route matches "/stylesheets/style.css" with {:method=>:get}):
  

Rendering rescues/layout (not_found)
  [4;35;1mSQL (0.1ms)[0m   [0mSET NAMES 'utf8'[0m
  [4;36;1mSQL (0.1ms)[0m   [0;1mSET SQL_AUTO_IS_NULL=0[0m


Processing InscricaosController#new (for 127.0.0.1 at 2021-09-08 10:49:31) [GET]
  [4;35;1mCurso Load (0.2ms)[0m   [0mSELECT * FROM `cursos` WHERE (status = 0 AND vagas_disponiveis > 0) [0m
  [4;36;1mParticipante Load (0.6ms)[0m   [0;1mSELECT * FROM `participantes` WHERE (desligado = 0 and funcao is not null) ORDER BY nome ASC[0m
  [4;35;1mParticipante Load (0.6ms)[0m   [0mSELECT * FROM `participantes` WHERE (desligado = 0 ) ORDER BY nome ASC[0m
  [4;36;1mCurso Load (0.1ms)[0m   [0;1mSELECT * FROM `cursos` WHERE (status = 0) ORDER BY nome ASC[0m
  [4;35;1mInscricao Load (0.7ms)[0m   [0mSELECT * FROM `inscricaos` [0m
  [4;36;1mSQL (0.1ms)[0m   [0;1mSET NAMES 'utf8'[0m
  [4;35;1mSQL (0.1ms)[0m   [0mSET SQL_AUTO_IS_NULL=0[0m
  [4;36;1mUnidade Load (0.3ms)[0m   [0;1mSELECT * FROM `unidades` ORDER BY nome ASC[0m
  [4;35;1mInscricao Columns (0.6ms)[0m   [0mSHOW FIELDS FROM `inscricaos`[0m
  [4;36;1mInscricao Load (0.1ms)[0m   [0;1mSELECT * FROM `inscricaos` WHERE (`inscricaos`.`participante_id` IS NULL) LIMIT 1[0m
Rendering template within layouts/inscricao
Rendering inscricaos/new
  [4;35;1mCurso Load (0.1ms)[0m   [0mSELECT * FROM `cursos` WHERE (status = 0 ) [0m
  [4;36;1mCACHE (0.0ms)[0m   [0;1mSELECT * FROM `cursos` WHERE (status = 0 AND vagas_disponiveis > 0) [0m
  [4;35;1mParticipante Columns (0.8ms)[0m   [0mSHOW FIELDS FROM `participantes`[0m
  [4;36;1mCurso Columns (1.5ms)[0m   [0;1mSHOW FIELDS FROM `cursos`[0m
  [4;35;1mInformativo Load (0.8ms)[0m   [0mSELECT * FROM `informativos` WHERE (starts_at <= '2021-09-08 13:49:31' AND ends_at >= '2021-09-08 13:49:31') [0m
Completed in 386ms (View: 154, DB: 6) | 200 OK [http://localhost/inscricaos/new]
  [4;36;1mSQL (0.4ms)[0m   [0;1mSET NAMES 'utf8'[0m
  [4;35;1mSQL (0.4ms)[0m   [0mSET SQL_AUTO_IS_NULL=0[0m


Processing ApplicationController#index (for 127.0.0.1 at 2021-09-08 10:49:32) [GET]

ActionController::RoutingError (No route matches "/stylesheets/style.css" with {:method=>:get}):
  

Rendering rescues/layout (not_found)
